[debug] [2020-02-07T21:19:25.301Z] ----------------------------------------------------------------------
[debug] [2020-02-07T21:19:25.303Z] Command:       /usr/bin/node /usr/bin/firebase init
[debug] [2020-02-07T21:19:25.304Z] CLI Version:   7.12.1
[debug] [2020-02-07T21:19:25.304Z] Platform:      linux
[debug] [2020-02-07T21:19:25.304Z] Node Version:  v12.15.0
[debug] [2020-02-07T21:19:25.304Z] Time:          Fri Feb 07 2020 23:19:25 GMT+0200 (Eastern European Standard Time)
[debug] [2020-02-07T21:19:25.304Z] ----------------------------------------------------------------------
[debug] [2020-02-07T21:19:25.305Z] 
[debug] [2020-02-07T21:19:25.309Z] > command requires scopes: ["email","openid","https://www.googleapis.com/auth/cloudplatformprojects.readonly","https://www.googleapis.com/auth/firebase","https://www.googleapis.com/auth/cloud-platform"]
[debug] [2020-02-07T21:19:25.309Z] > authorizing via signed-in user
[info] 
     ######## #### ########  ######## ########     ###     ######  ########
     ##        ##  ##     ## ##       ##     ##  ##   ##  ##       ##
     ######    ##  ########  ######   ########  #########  ######  ######
     ##        ##  ##    ##  ##       ##     ## ##     ##       ## ##
     ##       #### ##     ## ######## ########  ##     ##  ######  ########

You're about to initialize a Firebase project in this directory:

  /home/turvitan/Projects/LEARNING/JavaScript/Udemy/news-app

[info] 
=== Project Setup
[info] 
[info] First, let's associate this project directory with a Firebase project.
[info] You can create multiple project aliases by running firebase use --add, 
[info] but for now we'll just set up a default project.
[info] 
[info] i  If you want to create a project in a Google Cloud organization or folder, please use "firebase projects:create" instead, and return to this command when you've created the project.
